sdk/build/outputs/mapping/release/seeds.txt
android.support.v7.appcompat.R$dimen
android.support.v7.appcompat.R$dimen: int abc_action_bar_content_inset_material
android.support.v7.appcompat.R$dimen: int abc_action_bar_content_inset_with_nav
android.support.v7.appcompat.R$dimen: int abc_action_bar_default_height_material
android.support.v7.appcompat.R$dimen: int abc_action_bar_default_padding_end_material
android.support.v7.appcompat.R$dimen: int abc_action_bar_default_padding_start_material
android.support.v7.appcompat.R$dimen: int abc_action_bar_elevation_material
android.support.v7.appcompat.R$dimen: int abc_action_bar_icon_vertical_padding_material
android.support.v7.appcompat.R$dimen: int abc_action_bar_overflow_padding_end_material
android.support.v7.appcompat.R$dimen: int abc_action_bar_overflow_padding_start_material
android.support.v7.appcompat.R$dimen: int abc_action_bar_progress_bar_size
android.support.v7.appcompat.R$dimen: int abc_action_bar_stacked_max_height
android.support.v7.appcompat.R$dimen: int abc_action_bar_stacked_tab_max_width
android.support.v7.appcompat.R$dimen: int abc_action_bar_subtitle_bottom_margin_material
android.support.v7.appcompat.R$dimen: int abc_action_bar_subtitle_top_margin_material
android.support.v7.appcompat.R$dimen: int abc_action_button_min_height_material
android.support.v7.appcompat.R$dimen: int abc_action_button_min_width_material
android.support.v7.appcompat.R$dimen: int abc_action_button_min_width_overflow_material
android.support.v7.appcompat.R$drawable
android.support.v7.appcompat.R$drawable: int abc_ab_share_pack_mtrl_alpha
android.support.v7.appcompat.R$drawable: int abc_action_bar_item_background_material
android.support.v7.appcompat.R$drawable: int abc_btn_borderless_material
android.support.v7.appcompat.R$drawable: int abc_btn_check_material
android.support.v7.appcompat.R$drawable: int abc_btn_check_to_on_mtrl_000
android.support.v7.appcompat.R$drawable: int abc_btn_check_to_on_mtrl_015
android.support.v7.appcompat.R$drawable: int abc_btn_colored_material
android.support.v7.appcompat.R$drawable: int abc_btn_default_mtrl_shape
android.support.v7.appcompat.R$drawable: int abc_btn_radio_material
android.support.v7.appcompat.R$drawable: int abc_btn_radio_to_on_mtrl_000
android.support.v7.appcompat.R$drawable: int abc_btn_radio_to_on_mtrl_015
android.support.v7.appcompat.R$drawable: int abc_btn_switch_to_on_mtrl_00001
android.support.v7.appcompat.R$drawable: int abc_btn_switch_to_on_mtrl_00012
android.support.v7.appcompat.R$drawable: int abc_cab_background_internal_bg
android.support.v7.appcompat.R$drawable: int abc_cab_background_top_material
android.support.v7.appcompat.R$drawable: int abc_cab_background_top_mtrl_alpha
android.support.v7.appcompat.R$drawable: int abc_control_background_material
android.support.v7.appcompat.R$drawable: int abc_dialog_material_background
android.support.v7.appcompat.R$drawable: int abc_edit_text_material