sdk/build/outputs/mapping/release/mapping.txt
com.microsoft.embeddedsocial.data.display.DisplayMethod -> com.microsoft.embeddedsocial.data.a.a:
    com.microsoft.embeddedsocial.data.display.DisplayMethod LIST -> LIST
    com.microsoft.embeddedsocial.data.display.DisplayMethod GALLERY -> GALLERY
    com.microsoft.embeddedsocial.data.display.DisplayMethod[] $VALUES -> $VALUES
    com.microsoft.embeddedsocial.data.display.DisplayMethod[] values() -> values
    com.microsoft.embeddedsocial.data.display.DisplayMethod valueOf(java.lang.String) -> valueOf
    void <init>(java.lang.String,int) -> <init>
    com.microsoft.embeddedsocial.data.display.DisplayMethod next() -> next
    int getHorizontalPadding(android.content.Context) -> getHorizontalPadding
    int getVerticalPadding(android.content.Context) -> getVerticalPadding
    void <clinit>() -> <clinit>
com.microsoft.embeddedsocial.data.display.DisplayMethod$1 -> com.microsoft.embeddedsocial.data.a.a$1:
    int[] $SwitchMap$com$microsoft$embeddedsocial$data$display$DisplayMethod -> a
    void <clinit>() -> <clinit>
com.microsoft.embeddedsocial.data.model.AccountData -> com.microsoft.embeddedsocial.data.model.AccountData:
    com.microsoft.embeddedsocial.autorest.models.IdentityProvider identityProvider -> a
    java.lang.String firstName -> b
    java.lang.String lastName -> c
    java.lang.String userPhotoUrl -> d
    java.lang.String bio -> e
    java.lang.String thirdPartyAccountHandle -> f
    java.lang.String thirdPartyAccessToken -> g
    long followersCount -> h
    long followingCount -> i
    boolean isPrivate -> j
    com.microsoft.embeddedsocial.autorest.models.FollowerStatus followedStatus -> k
    android.os.Parcelable$Creator CREATOR -> CREATOR
    void <init>() -> <init>
    void <init>(com.microsoft.embeddedsocial.server.model.view.UserProfileView) -> <init>
    void <init>(android.os.Parcel) -> <init>
    boolean arePostsReadable() -> a
    java.lang.String getBio() -> b
    void setBio(java.lang.String) -> a
    java.lang.String getFirstName() -> c
    void setFirstName(java.lang.String) -> b
    java.lang.String getLastName() -> d
    void setLastName(java.lang.String) -> c
    java.lang.String getUserPhotoUrl() -> e
    com.microsoft.embeddedsocial.image.ImageLocation getUserPhotoLocation() -> f
    void setUserPhotoUrl(java.lang.String) -> d
    java.lang.String getFullName() -> g
    com.microsoft.embeddedsocial.autorest.models.IdentityProvider getIdentityProvider() -> h
com.microsoft.embeddedsocial.data.model.AccountData$1 -> com.microsoft.embeddedsocial.data.model.AccountData$1:
    void <init>() -> <init>
    com.microsoft.embeddedsocial.data.model.AccountData createFromParcel(android.os.Parcel) -> a
    com.microsoft.embeddedsocial.data.model.AccountData[] newArray(int) -> a
    java.lang.Object[] newArray(int) -> newArray
    java.lang.Object createFromParcel(android.os.Parcel) -> createFromParcel