sdk/build/outputs/mapping/release/usage.txt
com.microsoft.embeddedsocial.ui.adapter.viewholder.TopicViewHolder$$Lambda$4:
    private static android.view.View$OnClickListener get$Lambda(com.microsoft.embeddedsocial.ui.adapter.viewholder.TopicButtonsListener)
com.microsoft.embeddedsocial.ui.adapter.viewholder.TopicViewHolder$$Lambda$5:
    private static android.view.View$OnClickListener get$Lambda(com.microsoft.embeddedsocial.ui.adapter.viewholder.TopicButtonsListener)
com.microsoft.embeddedsocial.ui.adapter.viewholder.TopicViewHolder$$Lambda$6:
    private static android.view.View$OnClickListener get$Lambda(com.microsoft.embeddedsocial.ui.adapter.viewholder.TopicButtonsListener)
com.microsoft.embeddedsocial.ui.adapter.viewholder.TopicViewHolder$$Lambda$7:
    private static android.view.View$OnClickListener get$Lambda(com.microsoft.embeddedsocial.ui.adapter.viewholder.TopicButtonsListener)
com.microsoft.embeddedsocial.ui.dialog.AlertDialogFragment:
    private static final java.lang.String PREF_DIALOG_ID
    private static final java.lang.String PREF_TITLE
    private static final java.lang.String PREF_MESSAGE
    private static final java.lang.String PREF_IS_PASSWORD_INPUT
    private static final java.lang.String PREF_POSITIVE_BUTTON
    private static final java.lang.String PREF_NEGATIVE_BUTTON
    private static final java.lang.String PREF_ITEMS
    119:119:private java.lang.String getInput()
    127:131:public static com.microsoft.embeddedsocial.ui.dialog.AlertDialogFragment createErrorDialogFragment(android.content.Context,java.lang.String,java.lang.String,java.lang.String)
    135:135:public static com.microsoft.embeddedsocial.ui.dialog.AlertDialogFragment createErrorDialogFragment(android.content.Context,java.lang.String,int,int)
com.microsoft.embeddedsocial.ui.dialog.AlertDialogFragment$$Lambda$1:
    private static android.content.DialogInterface$OnClickListener get$Lambda(com.microsoft.embeddedsocial.ui.dialog.AlertDialogFragment,int[])
com.microsoft.embeddedsocial.ui.dialog.AlertDialogFragment$$Lambda$2:
    private static android.content.DialogInterface$OnClickListener get$Lambda(com.microsoft.embeddedsocial.ui.dialog.AlertDialogFragment)
com.microsoft.embeddedsocial.ui.dialog.AlertDialogFragment$$Lambda$3:
    private static android.content.DialogInterface$OnClickListener get$Lambda(com.microsoft.embeddedsocial.ui.dialog.AlertDialogFragment)
com.microsoft.embeddedsocial.ui.dialog.AlertDialogFragment$Builder:
    188:189:public com.microsoft.embeddedsocial.ui.dialog.AlertDialogFragment$Builder setIsPasswordInput(boolean)
com.microsoft.embeddedsocial.ui.fragment.AddPostFragment:
    private static final java.lang.String PREF_IMAGE_URI
com.microsoft.embeddedsocial.ui.fragment.CreateProfileFragment:
    private static final java.lang.String PREF_PHOTO_URI
com.microsoft.embeddedsocial.ui.fragment.CreateProfileFragment$$Lambda$1:
    private static android.view.View$OnClickListener get$Lambda(com.microsoft.embeddedsocial.ui.fragment.CreateProfileFragment)
com.microsoft.embeddedsocial.ui.fragment.DeleteAccountFragment$$Lambda$1:
    private static android.view.View$OnClickListener get$Lambda(com.microsoft.embeddedsocial.ui.fragment.DeleteAccountFragment)
com.microsoft.embeddedsocial.ui.fragment.DeleteAccountFragment$$Lambda$2:
    private static android.view.View$OnClickListener get$Lambda(com.microsoft.embeddedsocial.ui.fragment.DeleteAccountFragment)
com.microsoft.embeddedsocial.ui.fragment.DiscussionFeedFragment:
    private static final java.lang.String PREF_IMAGE_URI
    private static final int IMAGE_PREVIEW_DPS
com.microsoft.embeddedsocial.ui.fragment.DiscussionFeedFragment$$Lambda$1:
    private static android.view.View$OnClickListener get$Lambda(com.microsoft.embeddedsocial.ui.fragment.DiscussionFeedFragment)
com.microsoft.embeddedsocial.ui.fragment.DiscussionFeedFragment$$Lambda$2:
    private static android.view.View$OnClickListener get$Lambda(com.microsoft.embeddedsocial.ui.fragment.DiscussionFeedFragment)